<?xml version="1.0" encoding="UTF-8"?>
<testsuite xmlns:xsi="http://www.w3.org/2001/XMLSchema-instance" xsi:noNamespaceSchemaLocation="https://maven.apache.org/surefire/maven-surefire-plugin/xsd/surefire-test-report.xsd" name="com.aryun.gmall.user.GmallUserApplicationTests" time="2.438" tests="4" errors="0" skipped="0" failures="0">
  <properties>
[...]
</properties>
  <testcase name="contextLoads1" classname="com.aryun.gmall.user.GmallUserApplicationTests" time="0.23"/>
  <testcase name="contextLoads2" classname="com.aryun.gmall.user.GmallUserApplicationTests" time="0.027"/>
  <testcase name="contextLoads3" classname="com.aryun.gmall.user.GmallUserApplicationTests" time="0.002"/>
  <testcase name="contextLoads" classname="com.aryun.gmall.user.GmallUserApplicationTests" time="0.015"/>
</testsuite>